<?xml version="1.0" encoding="UTF-8"?>
<testng-results ignored="0" total="1" passed="1" failed="0" skipped="0">
  <reporter-output>
  </reporter-output>
  <suite started-at="2022-10-18T13:49:30 CEST" name="Default suite" finished-at="2022-10-18T13:49:32 CEST" duration-ms="1930">
    <groups>
    </groups>
    <test started-at="2022-10-18T13:49:30 CEST" name="Default test" finished-at="2022-10-18T13:49:32 CEST" duration-ms="1930">
      <class name="restTest2.DemoTest">
        <test-method signature="testDeleteUsers()[pri:0, instance:restTest2.DemoTest@76508ed1]" started-at="2022-10-18T13:49:30 CEST" name="testDeleteUsers" finished-at="2022-10-18T13:49:32 CEST" duration-ms="1880" status="PASS">
          <reporter-output>
          </reporter-output>
        </test-method> <!-- testDeleteUsers -->
      </class> <!-- restTest2.DemoTest -->
    </test> <!-- Default test -->
  </suite> <!-- Default suite -->
</testng-results>
